Human.race
Elf.race
Dwarf.race
Halfling.race
Pixie.race
Vampire.race
Half-Ogre.race
Half-Orc.race
Half-Troll.race
Half-Elf.race
Gith.race
Drow.race
Sea-Elf.race
Lizardman.race
Gnome.race
Minotaur.race
Sprite.race
Leprechaun.race
Kender.race
Ariel.race
Centaur.race
Slith.race
Mrrshan.race
Wraith.race
Harpy.race
Goblin.race
Kobold.race
Nymph.race
Troglodyte.race
Gargoyle.race
Immortal.race
Green.race
Black.race
White.race
Blue.race
Red.race
Gold.race
Silver.race
Bronze.race
Copper.race
Satyr.race
$
